<?xml version="1.0" encoding="UTF-8"?>
<!-- Generated by org.testng.reporters.JUnitXMLReporter -->
<testsuite ignored="0" hostname="DESKTOP-RHJGD7K" failures="0" tests="4" name="Default test" time="64.792" errors="0" timestamp="2026-04-09T12:14:23 IST">
  <testcase classname="testCaseRepo.TC_001" name="LE_001" time="11.128">
    <skipped/>
  </testcase> <!-- LE_001 -->
  <testcase classname="testCaseRepo.TC_001" name="LE_001" time="8.614">
    <skipped/>
  </testcase> <!-- LE_001 -->
  <testcase classname="testCaseRepo.TC_001" name="LE_001" time="7.392">
    <skipped/>
  </testcase> <!-- LE_001 -->
  <testcase classname="testCaseRepo.TC_001" name="LE_001" time="14.881"/>
</testsuite> <!-- Default test -->
