<?xml version="1.0" encoding="UTF-8"?>
<!-- Generated by org.testng.reporters.JUnitXMLReporter -->
<testsuite ignored="2" hostname="DESKTOP-RHJGD7K" failures="0" tests="2" name="Test1" time="47.784" errors="0" timestamp="2026-04-08T12:24:27 IST">
  <testcase classname="testCaseRepo.TC_005" name="CON_002" time="18.015"/>
  <testcase classname="testCaseRepo.TC_004" name="CON_001" time="17.304"/>
  <testcase classname="genericUtility.BaseClass" name="@AfterSuite asConfig" time="0.0">
    <ignored/>
  </testcase> <!-- @AfterSuite asConfig -->
  <testcase classname="genericUtility.BaseClass" name="@BeforeSuite bsConfig" time="0.0">
    <ignored/>
  </testcase> <!-- @BeforeSuite bsConfig -->
</testsuite> <!-- Test1 -->
