<?xml version="1.0" encoding="UTF-8"?>
<!-- Generated by org.testng.reporters.JUnitXMLReporter -->
<testsuite ignored="2" hostname="DESKTOP-RHJGD7K" failures="0" tests="2" name="Test2" time="52.302" errors="0" timestamp="2026-04-08T12:25:20 IST">
  <testcase classname="testCaseRepo.TC_003" name="LE_003" time="8.876"/>
  <testcase classname="testCaseRepo.TC_002" name="LE_002" time="11.575"/>
  <testcase classname="genericUtility.BaseClass" name="@AfterSuite asConfig" time="0.0">
    <ignored/>
  </testcase> <!-- @AfterSuite asConfig -->
  <testcase classname="genericUtility.BaseClass" name="@BeforeSuite bsConfig" time="0.0">
    <ignored/>
  </testcase> <!-- @BeforeSuite bsConfig -->
</testsuite> <!-- Test2 -->
