<?xml version="1.0" encoding="UTF-8"?>
<!-- Generated by org.testng.reporters.JUnitReportReporter -->
<testsuite hostname="DESKTOP-RHJGD7K" failures="0" tests="4" name="testCaseRepo.TC_001" time="60.578" errors="0" timestamp="2026-04-09T12:14:24 IST" skipped="3">
  <testcase classname="testCaseRepo.TC_001" name="LE_001" time="17.290"/>
  <testcase classname="testCaseRepo.TC_001" name="LE_001" time="16.684">
    <skipped/>
  </testcase> <!-- LE_001 -->
  <testcase classname="testCaseRepo.TC_001" name="LE_001" time="12.594">
    <skipped/>
  </testcase> <!-- LE_001 -->
  <testcase classname="testCaseRepo.TC_001" name="LE_001" time="14.010">
    <skipped/>
  </testcase> <!-- LE_001 -->
</testsuite> <!-- testCaseRepo.TC_001 -->
